[debug] [2021-05-18T19:02:57.656Z] ----------------------------------------------------------------------
[debug] [2021-05-18T19:02:57.659Z] Command:       C:\Program Files\nodejs\node.exe C:\Users\FarziPythonic2.0\AppData\Roaming\npm\node_modules\firebase-tools\lib\bin\firebase.js init
[debug] [2021-05-18T19:02:57.660Z] CLI Version:   9.5.0
[debug] [2021-05-18T19:02:57.660Z] Platform:      win32
[debug] [2021-05-18T19:02:57.660Z] Node Version:  v12.18.3
[debug] [2021-05-18T19:02:57.717Z] Time:          Wed May 19 2021 00:32:57 GMT+0530 (India Standard Time)
[debug] [2021-05-18T19:02:57.717Z] ----------------------------------------------------------------------
[debug] [2021-05-18T19:02:57.717Z] 
[debug] [2021-05-18T19:02:57.746Z] >>> [apiv2][query] GET https://firebase-public.firebaseio.com/cli.json [none]
[debug] [2021-05-18T19:02:57.814Z] > command requires scopes: ["email","openid","https://www.googleapis.com/auth/cloudplatformprojects.readonly","https://www.googleapis.com/auth/firebase","https://www.googleapis.com/auth/cloud-platform"]
[debug] [2021-05-18T19:02:57.814Z] > authorizing via signed-in user
[info] 
     ######## #### ########  ######## ########     ###     ######  ########
     ##        ##  ##     ## ##       ##     ##  ##   ##  ##       ##
     ######    ##  ########  ######   ########  #########  ######  ######
     ##        ##  ##    ##  ##       ##     ## ##     ##       ## ##
     ##       #### ##     ## ######## ########  ##     ##  ######  ########

You're about to initialize a Firebase project in this directory:

  E:\VS_CODE\compilerdemo

Before we get started, keep in mind:

  * You are initializing in an existing Firebase project directory

[info] 
=== Project Setup
[info] 
[info] First, let's associate this project directory with a Firebase project.
[info] You can create multiple project aliases by running firebase use --add, 
[info] but for now we'll just set up a default project.
[info] 
[info] i  .firebaserc already has a default project, using cpiiitk-1. 
[debug] [2021-05-18T19:03:08.209Z] > refreshing access token with scopes: []
[debug] [2021-05-18T19:03:08.210Z] >>> HTTP REQUEST POST https://www.googleapis.com/oauth2/v3/token  
 <request body omitted>
[debug] [2021-05-18T19:03:08.528Z] <<< HTTP RESPONSE 200 {"date":"Tue, 18 May 2021 19:03:08 GMT","cache-control":"no-cache, no-store, max-age=0, must-revalidate","pragma":"no-cache","expires":"Mon, 01 Jan 1990 00:00:00 GMT","content-type":"application/json; charset=utf-8","vary":"X-Origin, Referer, Origin,Accept-Encoding","server":"scaffolding on HTTPServer2","x-xss-protection":"0","x-frame-options":"SAMEORIGIN","x-content-type-options":"nosniff","alt-svc":"h3-29=\":443\"; ma=2592000,h3-T051=\":443\"; ma=2592000,h3-Q050=\":443\"; ma=2592000,h3-Q046=\":443\"; ma=2592000,h3-Q043=\":443\"; ma=2592000,quic=\":443\"; ma=2592000; v=\"46,43\"","accept-ranges":"none","transfer-encoding":"chunked"}
[debug] [2021-05-18T19:03:08.618Z] >>> [apiv2][query] GET https://firebase.googleapis.com/v1beta1/projects/cpiiitk-1 [none]
[debug] [2021-05-18T19:03:09.263Z] <<< [apiv2][status] GET https://firebase.googleapis.com/v1beta1/projects/cpiiitk-1 200
[debug] [2021-05-18T19:03:09.263Z] <<< [apiv2][body] GET https://firebase.googleapis.com/v1beta1/projects/cpiiitk-1 {"projectId":"cpiiitk-1","projectNumber":"404352495578","displayName":"cpiiitk","name":"projects/cpiiitk-1","resources":{"hostingSite":"cpiiitk-1"},"state":"DELETED"}
[info] 
=== Hosting Setup
[info] 
[info] Your public directory is the folder (relative to your project directory) that
[info] will contain Hosting assets to be uploaded with firebase deploy. If you
[info] have a build process for your assets, use your build's output directory.
[info] 
[debug] [2021-05-18T19:03:58.958Z] ----------------------------------------------------------------------
[debug] [2021-05-18T19:03:58.960Z] Command:       C:\Program Files\nodejs\node.exe C:\Users\FarziPythonic2.0\AppData\Roaming\npm\node_modules\firebase-tools\lib\bin\firebase.js init
[debug] [2021-05-18T19:03:58.960Z] CLI Version:   9.5.0
[debug] [2021-05-18T19:03:58.960Z] Platform:      win32
[debug] [2021-05-18T19:03:58.960Z] Node Version:  v12.18.3
[debug] [2021-05-18T19:03:58.961Z] Time:          Wed May 19 2021 00:33:58 GMT+0530 (India Standard Time)
[debug] [2021-05-18T19:03:58.962Z] ----------------------------------------------------------------------
[debug] [2021-05-18T19:03:58.962Z] 
[debug] [2021-05-18T19:03:58.964Z] >>> [apiv2][query] GET https://firebase-public.firebaseio.com/cli.json [none]
[debug] [2021-05-18T19:03:58.983Z] > command requires scopes: ["email","openid","https://www.googleapis.com/auth/cloudplatformprojects.readonly","https://www.googleapis.com/auth/firebase","https://www.googleapis.com/auth/cloud-platform"]
[debug] [2021-05-18T19:03:58.984Z] > authorizing via signed-in user
[info] 
     ######## #### ########  ######## ########     ###     ######  ########
     ##        ##  ##     ## ##       ##     ##  ##   ##  ##       ##
     ######    ##  ########  ######   ########  #########  ######  ######
     ##        ##  ##    ##  ##       ##     ## ##     ##       ## ##
     ##       #### ##     ## ######## ########  ##     ##  ######  ########

You're about to initialize a Firebase project in this directory:

  E:\VS_CODE\compilerdemo

Before we get started, keep in mind:

  * You are initializing in an existing Firebase project directory

[info] 
=== Project Setup
[info] 
[info] First, let's associate this project directory with a Firebase project.
[info] You can create multiple project aliases by running firebase use --add, 
[info] but for now we'll just set up a default project.
[info] 
[debug] [2021-05-18T19:04:03.432Z] >>> [apiv2][query] GET https://firebase.googleapis.com/v1beta1/projects/cpiiitk-1 [none]
[debug] [2021-05-18T19:04:03.901Z] <<< [apiv2][status] GET https://firebase.googleapis.com/v1beta1/projects/cpiiitk-1 200
[debug] [2021-05-18T19:04:03.901Z] <<< [apiv2][body] GET https://firebase.googleapis.com/v1beta1/projects/cpiiitk-1 {"projectId":"cpiiitk-1","projectNumber":"404352495578","displayName":"cpiiitk","name":"projects/cpiiitk-1","resources":{"hostingSite":"cpiiitk-1"},"state":"DELETED"}
[info] i  Using project cpiiitk-1 (cpiiitk) 
[info] 
=== Hosting Setup
[info] 
[info] Your public directory is the folder (relative to your project directory) that
[info] will contain Hosting assets to be uploaded with firebase deploy. If you
[info] have a build process for your assets, use your build's output directory.
[info] 
